2024-06-20 16:37:20 - Backup successful: /usr/local/var/postgresql@14/backups/postgres_backup.sql
On branch main
Changes not staged for commit:
  (use "git add <file>..." to update what will be committed)
  (use "git restore <file>..." to discard changes in working directory)
	modified:   ../backup_db.sh
	modified:   ../pg_stat_tmp/db_0.stat
	modified:   ../pg_stat_tmp/db_14088.stat
	modified:   ../pg_stat_tmp/global.stat

Untracked files:
  (use "git add <file>..." to include in what will be committed)
	backup.log

no changes added to commit (use "git add" and/or "git commit -a")
2024-06-20 16:37:21 - Git commit failed
2024-06-20 16:37:41 - Backup successful: /usr/local/var/postgresql@14/backups/postgres_backup.sql
On branch main
Changes not staged for commit:
  (use "git add <file>..." to update what will be committed)
  (use "git restore <file>..." to discard changes in working directory)
	modified:   ../backup_db.sh
	modified:   ../pg_stat_tmp/db_0.stat
	modified:   ../pg_stat_tmp/db_14088.stat
	modified:   ../pg_stat_tmp/global.stat

Untracked files:
  (use "git add <file>..." to include in what will be committed)
	backup.log

no changes added to commit (use "git add" and/or "git commit -a")
2024-06-20 16:37:41 - Git commit failed
